[debug] [2018-08-25T07:36:09.333Z] ----------------------------------------------------------------------
[debug] [2018-08-25T07:36:09.335Z] Command:       /usr/bin/node /usr/local/bin/firebase serve --only functions
[debug] [2018-08-25T07:36:09.336Z] CLI Version:   4.1.2
[debug] [2018-08-25T07:36:09.336Z] Platform:      linux
[debug] [2018-08-25T07:36:09.336Z] Node Version:  v8.10.0
[debug] [2018-08-25T07:36:09.336Z] Time:          Sat Aug 25 2018 10:36:09 GMT+0300 (EAT)
[debug] [2018-08-25T07:36:09.336Z] ----------------------------------------------------------------------
[debug] 
[debug] [2018-08-25T07:36:09.344Z] > command requires scopes: ["email","openid","https://www.googleapis.com/auth/cloudplatformprojects.readonly","https://www.googleapis.com/auth/firebase","https://www.googleapis.com/auth/cloud-platform"]
[debug] [2018-08-25T07:36:09.345Z] > authorizing via signed-in user
[debug] [2018-08-25T07:36:09.347Z] >>> HTTP REQUEST GET https://admin.firebase.com/v1/projects/elvis-360-magazine  
 
[debug] [2018-08-25T07:36:10.929Z] <<< HTTP RESPONSE 200
[debug] [2018-08-25T07:36:10.930Z] >>> HTTP REQUEST GET https://cloudresourcemanager.googleapis.com/v1/projects/elvis-360-magazine  
 
[debug] [2018-08-25T07:36:12.410Z] <<< HTTP RESPONSE 200
[info] 
[info] === Serving from '/home/olive/Desktop/wordpress/firebase-function'...
[info] 
[debug] [2018-08-25T07:36:13.931Z] Error: EACCES: permission denied, mkdir '/usr/local/lib/node_modules/firebase-tools/node_modules/@google-cloud/functions-emulator/logs'
    at Object.fs.mkdirSync (fs.js:885:18)
    at Object.assertLogsPath (/usr/local/lib/node_modules/firebase-tools/node_modules/@google-cloud/functions-emulator/src/emulator/logs.js:65:10)
    at new Controller (/usr/local/lib/node_modules/firebase-tools/node_modules/@google-cloud/functions-emulator/src/cli/controller.js:77:32)
    at FunctionsEmulator.start (/usr/local/lib/node_modules/firebase-tools/lib/functionsEmulator.js:113:21)
    at Object.start (/usr/local/lib/node_modules/firebase-tools/lib/serve/functions.js:9:29)
    at /usr/local/lib/node_modules/firebase-tools/lib/serve/index.js:17:21
    at arrayMap (/usr/local/lib/node_modules/firebase-tools/node_modules/lodash/lodash.js:639:23)
    at Function.map (/usr/local/lib/node_modules/firebase-tools/node_modules/lodash/lodash.js:9554:14)
    at _serve (/usr/local/lib/node_modules/firebase-tools/lib/serve/index.js:15:7)
    at Command._action (/usr/local/lib/node_modules/firebase-tools/commands/serve.js:48:12)
[error] 
[error] Error: An unexpected error has occurred.
